2019-07-31 19:17:48.674 [info] <0.43.0> Application lager started on node nonode@nohost
2019-07-31 19:17:48.680 [info] <0.43.0> Application xmerl started on node nonode@nohost
2019-07-31 19:17:48.681 [info] <0.43.0> Application jsx started on node nonode@nohost
2019-07-31 19:17:48.686 [info] <0.43.0> Application ranch started on node nonode@nohost
2019-07-31 19:17:48.687 [info] <0.43.0> Application recon started on node nonode@nohost
2019-07-31 19:17:48.687 [info] <0.43.0> Application rabbit_common started on node nonode@nohost
2019-07-31 19:17:48.695 [info] <0.43.0> Application amqp_client started on node nonode@nohost
2019-07-31 19:17:48.695 [info] <0.43.0> Application amqp started on node nonode@nohost
2019-07-31 19:17:48.697 [info] <0.43.0> Application protobuf started on node nonode@nohost
2019-07-31 19:17:48.699 [info] <0.43.0> Application jason started on node nonode@nohost
2019-07-31 19:17:48.700 [info] <0.43.0> Application google_protos started on node nonode@nohost
2019-07-31 19:17:48.700 [info] <0.43.0> Application railway_ipc started on node nonode@nohost
2019-07-31 19:17:48.701 [info] <0.43.0> Application getter started on node nonode@nohost
2019-07-31 19:18:30.043 [info] <0.43.0> Application lager started on node nonode@nohost
2019-07-31 19:18:30.050 [info] <0.43.0> Application xmerl started on node nonode@nohost
2019-07-31 19:18:30.053 [info] <0.43.0> Application jsx started on node nonode@nohost
2019-07-31 19:18:30.057 [info] <0.43.0> Application ranch started on node nonode@nohost
2019-07-31 19:18:30.058 [info] <0.43.0> Application recon started on node nonode@nohost
2019-07-31 19:18:30.058 [info] <0.43.0> Application rabbit_common started on node nonode@nohost
2019-07-31 19:18:30.066 [info] <0.43.0> Application amqp_client started on node nonode@nohost
2019-07-31 19:18:30.067 [info] <0.43.0> Application amqp started on node nonode@nohost
2019-07-31 19:18:30.069 [info] <0.43.0> Application protobuf started on node nonode@nohost
2019-07-31 19:18:30.070 [info] <0.43.0> Application jason started on node nonode@nohost
2019-07-31 19:18:30.072 [info] <0.43.0> Application google_protos started on node nonode@nohost
2019-07-31 19:18:30.072 [info] <0.43.0> Application railway_ipc started on node nonode@nohost
2019-07-31 19:18:30.073 [info] <0.43.0> Application getter started on node nonode@nohost
2019-07-31 19:21:33.411 [info] <0.43.0> Application lager started on node nonode@nohost
2019-07-31 19:21:33.416 [info] <0.43.0> Application xmerl started on node nonode@nohost
2019-07-31 19:21:33.419 [info] <0.43.0> Application jsx started on node nonode@nohost
2019-07-31 19:21:33.424 [info] <0.43.0> Application ranch started on node nonode@nohost
2019-07-31 19:21:33.426 [info] <0.43.0> Application recon started on node nonode@nohost
2019-07-31 19:21:33.426 [info] <0.43.0> Application rabbit_common started on node nonode@nohost
2019-07-31 19:21:33.434 [info] <0.43.0> Application amqp_client started on node nonode@nohost
2019-07-31 19:21:33.435 [info] <0.43.0> Application amqp started on node nonode@nohost
2019-07-31 19:21:33.437 [info] <0.43.0> Application protobuf started on node nonode@nohost
2019-07-31 19:21:33.438 [info] <0.43.0> Application jason started on node nonode@nohost
2019-07-31 19:21:33.439 [info] <0.43.0> Application google_protos started on node nonode@nohost
2019-07-31 19:21:33.440 [info] <0.43.0> Application railway_ipc started on node nonode@nohost
2019-07-31 19:21:33.440 [info] <0.43.0> Application getter started on node nonode@nohost
2019-07-31 19:28:07.322 [info] <0.43.0> Application lager started on node nonode@nohost
2019-07-31 19:28:07.328 [info] <0.43.0> Application xmerl started on node nonode@nohost
2019-07-31 19:28:07.331 [info] <0.43.0> Application jsx started on node nonode@nohost
2019-07-31 19:28:07.337 [info] <0.43.0> Application ranch started on node nonode@nohost
2019-07-31 19:28:07.338 [info] <0.43.0> Application recon started on node nonode@nohost
2019-07-31 19:28:07.338 [info] <0.43.0> Application rabbit_common started on node nonode@nohost
2019-07-31 19:28:07.349 [info] <0.43.0> Application amqp_client started on node nonode@nohost
2019-07-31 19:28:07.351 [info] <0.43.0> Application amqp started on node nonode@nohost
2019-07-31 19:28:07.353 [info] <0.43.0> Application protobuf started on node nonode@nohost
2019-07-31 19:28:07.355 [info] <0.43.0> Application jason started on node nonode@nohost
2019-07-31 19:28:07.356 [info] <0.43.0> Application google_protos started on node nonode@nohost
2019-07-31 19:28:07.357 [info] <0.43.0> Application railway_ipc started on node nonode@nohost
2019-07-31 19:28:07.358 [info] <0.43.0> Application getter started on node nonode@nohost
2019-07-31 19:29:52.859 [info] <0.43.0> Application lager started on node nonode@nohost
2019-07-31 19:29:52.863 [info] <0.43.0> Application xmerl started on node nonode@nohost
2019-07-31 19:29:52.865 [info] <0.43.0> Application jsx started on node nonode@nohost
2019-07-31 19:29:52.868 [info] <0.43.0> Application ranch started on node nonode@nohost
2019-07-31 19:29:52.869 [info] <0.43.0> Application recon started on node nonode@nohost
2019-07-31 19:29:52.869 [info] <0.43.0> Application rabbit_common started on node nonode@nohost
2019-07-31 19:29:52.875 [info] <0.43.0> Application amqp_client started on node nonode@nohost
2019-07-31 19:29:52.876 [info] <0.43.0> Application amqp started on node nonode@nohost
2019-07-31 19:29:52.878 [info] <0.43.0> Application protobuf started on node nonode@nohost
2019-07-31 19:29:52.879 [info] <0.43.0> Application jason started on node nonode@nohost
2019-07-31 19:29:52.881 [info] <0.43.0> Application google_protos started on node nonode@nohost
2019-07-31 19:29:52.882 [info] <0.43.0> Application railway_ipc started on node nonode@nohost
2019-07-31 19:29:52.884 [info] <0.43.0> Application getter started on node nonode@nohost
2019-07-31 19:34:32.340 [info] <0.43.0> Application lager started on node nonode@nohost
2019-07-31 19:34:32.347 [info] <0.43.0> Application xmerl started on node nonode@nohost
2019-07-31 19:34:32.350 [info] <0.43.0> Application jsx started on node nonode@nohost
2019-07-31 19:34:32.355 [info] <0.43.0> Application ranch started on node nonode@nohost
2019-07-31 19:34:32.357 [info] <0.43.0> Application recon started on node nonode@nohost
2019-07-31 19:34:32.357 [info] <0.43.0> Application rabbit_common started on node nonode@nohost
2019-07-31 19:34:32.365 [info] <0.43.0> Application amqp_client started on node nonode@nohost
2019-07-31 19:34:32.366 [info] <0.43.0> Application amqp started on node nonode@nohost
2019-07-31 19:34:32.367 [info] <0.43.0> Application protobuf started on node nonode@nohost
2019-07-31 19:34:32.368 [info] <0.43.0> Application jason started on node nonode@nohost
2019-07-31 19:34:32.369 [info] <0.43.0> Application google_protos started on node nonode@nohost
2019-07-31 19:34:32.369 [info] <0.43.0> Application railway_ipc started on node nonode@nohost
2019-07-31 19:34:32.369 [info] <0.43.0> Application getter started on node nonode@nohost
2019-07-31 19:36:27.060 [info] <0.43.0> Application lager started on node nonode@nohost
2019-07-31 19:36:27.066 [info] <0.43.0> Application xmerl started on node nonode@nohost
2019-07-31 19:36:27.068 [info] <0.43.0> Application jsx started on node nonode@nohost
2019-07-31 19:36:27.071 [info] <0.43.0> Application ranch started on node nonode@nohost
2019-07-31 19:36:27.072 [info] <0.43.0> Application recon started on node nonode@nohost
2019-07-31 19:36:27.072 [info] <0.43.0> Application rabbit_common started on node nonode@nohost
2019-07-31 19:36:27.079 [info] <0.43.0> Application amqp_client started on node nonode@nohost
2019-07-31 19:36:27.081 [info] <0.43.0> Application amqp started on node nonode@nohost
2019-07-31 19:36:27.082 [info] <0.43.0> Application protobuf started on node nonode@nohost
2019-07-31 19:36:27.083 [info] <0.43.0> Application jason started on node nonode@nohost
2019-07-31 19:36:27.085 [info] <0.43.0> Application google_protos started on node nonode@nohost
2019-07-31 19:36:27.085 [info] <0.43.0> Application railway_ipc started on node nonode@nohost
2019-07-31 19:36:27.087 [info] <0.43.0> Application getter started on node nonode@nohost
