2019-07-31 19:17:55.007 [info] <0.43.0> Application lager started on node nonode@nohost
2019-07-31 19:17:55.013 [info] <0.43.0> Application xmerl started on node nonode@nohost
2019-07-31 19:17:55.016 [info] <0.43.0> Application jsx started on node nonode@nohost
2019-07-31 19:17:55.023 [info] <0.43.0> Application ranch started on node nonode@nohost
2019-07-31 19:17:55.025 [info] <0.43.0> Application recon started on node nonode@nohost
2019-07-31 19:17:55.025 [info] <0.43.0> Application rabbit_common started on node nonode@nohost
2019-07-31 19:17:55.033 [info] <0.43.0> Application amqp_client started on node nonode@nohost
2019-07-31 19:17:55.033 [info] <0.43.0> Application amqp started on node nonode@nohost
2019-07-31 19:17:55.035 [info] <0.43.0> Application protobuf started on node nonode@nohost
2019-07-31 19:17:55.036 [info] <0.43.0> Application jason started on node nonode@nohost
2019-07-31 19:17:55.037 [info] <0.43.0> Application google_protos started on node nonode@nohost
2019-07-31 19:17:55.037 [info] <0.43.0> Application railway_ipc started on node nonode@nohost
2019-07-31 19:17:55.037 [info] <0.43.0> Application sender started on node nonode@nohost
2019-07-31 19:18:41.379 [info] <0.43.0> Application lager started on node nonode@nohost
2019-07-31 19:18:41.388 [info] <0.43.0> Application xmerl started on node nonode@nohost
2019-07-31 19:18:41.390 [info] <0.43.0> Application jsx started on node nonode@nohost
2019-07-31 19:18:41.393 [info] <0.43.0> Application ranch started on node nonode@nohost
2019-07-31 19:18:41.394 [info] <0.43.0> Application recon started on node nonode@nohost
2019-07-31 19:18:41.394 [info] <0.43.0> Application rabbit_common started on node nonode@nohost
2019-07-31 19:18:41.400 [info] <0.43.0> Application amqp_client started on node nonode@nohost
2019-07-31 19:18:41.403 [info] <0.43.0> Application amqp started on node nonode@nohost
2019-07-31 19:18:41.405 [info] <0.43.0> Application protobuf started on node nonode@nohost
2019-07-31 19:18:41.407 [info] <0.43.0> Application jason started on node nonode@nohost
2019-07-31 19:18:41.410 [info] <0.43.0> Application google_protos started on node nonode@nohost
2019-07-31 19:18:41.410 [info] <0.43.0> Application railway_ipc started on node nonode@nohost
2019-07-31 19:18:41.411 [info] <0.43.0> Application sender started on node nonode@nohost
2019-07-31 19:21:44.584 [info] <0.43.0> Application lager started on node nonode@nohost
2019-07-31 19:21:44.589 [info] <0.43.0> Application xmerl started on node nonode@nohost
2019-07-31 19:21:44.591 [info] <0.43.0> Application jsx started on node nonode@nohost
2019-07-31 19:21:44.596 [info] <0.43.0> Application ranch started on node nonode@nohost
2019-07-31 19:21:44.597 [info] <0.43.0> Application recon started on node nonode@nohost
2019-07-31 19:21:44.597 [info] <0.43.0> Application rabbit_common started on node nonode@nohost
2019-07-31 19:21:44.603 [info] <0.43.0> Application amqp_client started on node nonode@nohost
2019-07-31 19:21:44.604 [info] <0.43.0> Application amqp started on node nonode@nohost
2019-07-31 19:21:44.605 [info] <0.43.0> Application protobuf started on node nonode@nohost
2019-07-31 19:21:44.606 [info] <0.43.0> Application jason started on node nonode@nohost
2019-07-31 19:21:44.608 [info] <0.43.0> Application google_protos started on node nonode@nohost
2019-07-31 19:21:44.608 [info] <0.43.0> Application railway_ipc started on node nonode@nohost
2019-07-31 19:21:44.609 [info] <0.43.0> Application sender started on node nonode@nohost
2019-07-31 19:28:01.107 [info] <0.43.0> Application lager started on node nonode@nohost
2019-07-31 19:28:01.113 [info] <0.43.0> Application xmerl started on node nonode@nohost
2019-07-31 19:28:01.115 [info] <0.43.0> Application jsx started on node nonode@nohost
2019-07-31 19:28:01.119 [info] <0.43.0> Application ranch started on node nonode@nohost
2019-07-31 19:28:01.119 [info] <0.43.0> Application recon started on node nonode@nohost
2019-07-31 19:28:01.120 [info] <0.43.0> Application rabbit_common started on node nonode@nohost
2019-07-31 19:28:01.127 [info] <0.43.0> Application amqp_client started on node nonode@nohost
2019-07-31 19:28:01.130 [info] <0.43.0> Application amqp started on node nonode@nohost
2019-07-31 19:28:01.133 [info] <0.43.0> Application protobuf started on node nonode@nohost
2019-07-31 19:28:01.135 [info] <0.43.0> Application jason started on node nonode@nohost
2019-07-31 19:28:01.137 [info] <0.43.0> Application google_protos started on node nonode@nohost
2019-07-31 19:28:01.138 [info] <0.43.0> Application railway_ipc started on node nonode@nohost
2019-07-31 19:28:01.139 [info] <0.43.0> Application sender started on node nonode@nohost
2019-07-31 19:28:23.301 [error] <0.303.0>@Elixir.Events:handle_in:6 gen_server 'Elixir.Events' terminated with reason: no function clause matching 'Elixir.Events':handle_in(#{'__struct__' => 'Elixir.Requests.RequestAThing',context => #{},correlation_id => <<>>,reply_to => ...,...}) line 6
2019-07-31 19:28:23.313 [error] <0.303.0>@Elixir.Events:handle_in:6 CRASH REPORT Process 'Elixir.Events' with 0 neighbours crashed with reason: no function clause matching 'Elixir.Events':handle_in(#{'__struct__' => 'Elixir.Requests.RequestAThing',context => #{},correlation_id => <<>>,reply_to => ...,...}) line 6
2019-07-31 19:28:23.313 [error] <0.301.0>@Elixir.Events:handle_in:6 Supervisor 'Elixir.RailwayIpc.Consumer.Supervisor' had child 'Elixir.Events' started with 'Elixir.Events':start_link([]) at <0.303.0> exit with reason no function clause matching 'Elixir.Events':handle_in(#{'__struct__' => 'Elixir.Requests.RequestAThing',context => #{},correlation_id => <<>>,reply_to => ...,...}) line 6 in context child_terminated
2019-07-31 19:28:24.000 [warning] <0.258.0> lager_error_logger_h dropped 1 messages in the last second that exceeded the limit of 50 messages/sec
2019-07-31 19:29:54.329 [info] <0.43.0> Application lager started on node nonode@nohost
2019-07-31 19:29:54.335 [info] <0.43.0> Application xmerl started on node nonode@nohost
2019-07-31 19:29:54.337 [info] <0.43.0> Application jsx started on node nonode@nohost
2019-07-31 19:29:54.344 [info] <0.43.0> Application ranch started on node nonode@nohost
2019-07-31 19:29:54.346 [info] <0.43.0> Application recon started on node nonode@nohost
2019-07-31 19:29:54.346 [info] <0.43.0> Application rabbit_common started on node nonode@nohost
2019-07-31 19:29:54.353 [info] <0.43.0> Application amqp_client started on node nonode@nohost
2019-07-31 19:29:54.353 [info] <0.43.0> Application amqp started on node nonode@nohost
2019-07-31 19:29:54.355 [info] <0.43.0> Application protobuf started on node nonode@nohost
2019-07-31 19:29:54.357 [info] <0.43.0> Application jason started on node nonode@nohost
2019-07-31 19:29:54.359 [info] <0.43.0> Application google_protos started on node nonode@nohost
2019-07-31 19:29:54.359 [info] <0.43.0> Application railway_ipc started on node nonode@nohost
2019-07-31 19:29:54.359 [info] <0.43.0> Application sender started on node nonode@nohost
2019-07-31 19:29:54.441 [error] <0.1090.0>@Elixir.Events:handle_in:6 gen_server 'Elixir.Events' terminated with reason: no function clause matching 'Elixir.Events':handle_in(#{'__struct__' => 'Elixir.Requests.RequestAThing',context => #{},correlation_id => <<>>,reply_to => ...,...}) line 6
2019-07-31 19:29:54.447 [error] <0.1090.0>@Elixir.Events:handle_in:6 CRASH REPORT Process 'Elixir.Events' with 0 neighbours crashed with reason: no function clause matching 'Elixir.Events':handle_in(#{'__struct__' => 'Elixir.Requests.RequestAThing',context => #{},correlation_id => <<>>,reply_to => ...,...}) line 6
2019-07-31 19:29:54.447 [error] <0.1088.0>@Elixir.Events:handle_in:6 Supervisor 'Elixir.RailwayIpc.Consumer.Supervisor' had child 'Elixir.Events' started with 'Elixir.Events':start_link([]) at <0.1090.0> exit with reason no function clause matching 'Elixir.Events':handle_in(#{'__struct__' => 'Elixir.Requests.RequestAThing',context => #{},correlation_id => <<>>,reply_to => ...,...}) line 6 in context child_terminated
2019-07-31 19:29:55.000 [warning] <0.1045.0> lager_error_logger_h dropped 1 messages in the last second that exceeded the limit of 50 messages/sec
2019-07-31 19:31:10.948 [info] <0.43.0> Application lager started on node nonode@nohost
2019-07-31 19:31:10.954 [info] <0.43.0> Application xmerl started on node nonode@nohost
2019-07-31 19:31:10.956 [info] <0.43.0> Application jsx started on node nonode@nohost
2019-07-31 19:31:10.959 [info] <0.43.0> Application ranch started on node nonode@nohost
2019-07-31 19:31:10.959 [info] <0.43.0> Application recon started on node nonode@nohost
2019-07-31 19:31:10.959 [info] <0.43.0> Application rabbit_common started on node nonode@nohost
2019-07-31 19:31:10.965 [info] <0.43.0> Application amqp_client started on node nonode@nohost
2019-07-31 19:31:10.967 [info] <0.43.0> Application amqp started on node nonode@nohost
2019-07-31 19:31:10.968 [info] <0.43.0> Application protobuf started on node nonode@nohost
2019-07-31 19:31:10.969 [info] <0.43.0> Application jason started on node nonode@nohost
2019-07-31 19:31:10.971 [info] <0.43.0> Application google_protos started on node nonode@nohost
2019-07-31 19:31:10.971 [info] <0.43.0> Application railway_ipc started on node nonode@nohost
2019-07-31 19:31:10.974 [info] <0.43.0> Application sender started on node nonode@nohost
2019-07-31 19:31:11.204 [error] <0.297.0>@Elixir.Events:handle_in:6 gen_server 'Elixir.Events' terminated with reason: no function clause matching 'Elixir.Events':handle_in(#{'__struct__' => 'Elixir.Requests.RequestAThing',context => #{},correlation_id => <<>>,reply_to => ...,...}) line 6
2019-07-31 19:31:11.216 [error] <0.297.0>@Elixir.Events:handle_in:6 CRASH REPORT Process 'Elixir.Events' with 0 neighbours crashed with reason: no function clause matching 'Elixir.Events':handle_in(#{'__struct__' => 'Elixir.Requests.RequestAThing',context => #{},correlation_id => <<>>,reply_to => ...,...}) line 6
2019-07-31 19:31:11.216 [error] <0.295.0>@Elixir.Events:handle_in:6 Supervisor 'Elixir.RailwayIpc.Consumer.Supervisor' had child 'Elixir.Events' started with 'Elixir.Events':start_link([]) at <0.297.0> exit with reason no function clause matching 'Elixir.Events':handle_in(#{'__struct__' => 'Elixir.Requests.RequestAThing',context => #{},correlation_id => <<>>,reply_to => ...,...}) line 6 in context child_terminated
2019-07-31 19:31:12.001 [warning] <0.252.0> lager_error_logger_h dropped 1 messages in the last second that exceeded the limit of 50 messages/sec
2019-07-31 19:31:27.948 [info] <0.43.0> Application lager started on node nonode@nohost
2019-07-31 19:31:27.954 [info] <0.43.0> Application xmerl started on node nonode@nohost
2019-07-31 19:31:27.955 [info] <0.43.0> Application jsx started on node nonode@nohost
2019-07-31 19:31:27.959 [info] <0.43.0> Application ranch started on node nonode@nohost
2019-07-31 19:31:27.960 [info] <0.43.0> Application recon started on node nonode@nohost
2019-07-31 19:31:27.960 [info] <0.43.0> Application rabbit_common started on node nonode@nohost
2019-07-31 19:31:27.967 [info] <0.43.0> Application amqp_client started on node nonode@nohost
2019-07-31 19:31:27.969 [info] <0.43.0> Application amqp started on node nonode@nohost
2019-07-31 19:31:27.971 [info] <0.43.0> Application protobuf started on node nonode@nohost
2019-07-31 19:31:27.972 [info] <0.43.0> Application jason started on node nonode@nohost
2019-07-31 19:31:27.974 [info] <0.43.0> Application google_protos started on node nonode@nohost
2019-07-31 19:31:27.974 [info] <0.43.0> Application railway_ipc started on node nonode@nohost
2019-07-31 19:31:27.980 [info] <0.43.0> Application sender started on node nonode@nohost
2019-07-31 19:33:07.534 [info] <0.43.0> Application lager started on node nonode@nohost
2019-07-31 19:33:07.540 [info] <0.43.0> Application xmerl started on node nonode@nohost
2019-07-31 19:33:07.542 [info] <0.43.0> Application jsx started on node nonode@nohost
2019-07-31 19:33:07.548 [info] <0.43.0> Application ranch started on node nonode@nohost
2019-07-31 19:33:07.550 [info] <0.43.0> Application recon started on node nonode@nohost
2019-07-31 19:33:07.550 [info] <0.43.0> Application rabbit_common started on node nonode@nohost
2019-07-31 19:33:07.557 [info] <0.43.0> Application amqp_client started on node nonode@nohost
2019-07-31 19:33:07.558 [info] <0.43.0> Application amqp started on node nonode@nohost
2019-07-31 19:33:07.560 [info] <0.43.0> Application protobuf started on node nonode@nohost
2019-07-31 19:33:07.561 [info] <0.43.0> Application jason started on node nonode@nohost
2019-07-31 19:33:07.563 [info] <0.43.0> Application google_protos started on node nonode@nohost
2019-07-31 19:33:07.563 [info] <0.43.0> Application railway_ipc started on node nonode@nohost
2019-07-31 19:33:07.565 [info] <0.43.0> Application sender started on node nonode@nohost
2019-07-31 19:35:15.622 [error] <0.298.0>@Elixir.RailwayIpc.Core.RequestsConsumer:post_processing:18 gen_server 'Elixir.Requests' terminated with reason: no function clause matching 'Elixir.RailwayIpc.Core.RequestsConsumer':post_processing(ok, #{'__struct__' => 'Elixir.Events.AThingWasDone',context => #{},correlation_id => <<>>,user_uuid => <<>>,...}, #Fun<Elixir.Requests.0.79135101>, #Fun<Elixir.Requests.1.79135101>) line 18
2019-07-31 19:35:15.630 [error] <0.298.0>@Elixir.RailwayIpc.Core.RequestsConsumer:post_processing:18 CRASH REPORT Process 'Elixir.Requests' with 0 neighbours crashed with reason: no function clause matching 'Elixir.RailwayIpc.Core.RequestsConsumer':post_processing(ok, #{'__struct__' => 'Elixir.Events.AThingWasDone',context => #{},correlation_id => <<>>,user_uuid => <<>>,...}, #Fun<Elixir.Requests.0.79135101>, #Fun<Elixir.Requests.1.79135101>) line 18
2019-07-31 19:35:15.630 [error] <0.295.0>@Elixir.RailwayIpc.Core.RequestsConsumer:post_processing:18 Supervisor 'Elixir.RailwayIpc.Consumer.Supervisor' had child 'Elixir.Requests' started with 'Elixir.Requests':start_link([]) at <0.298.0> exit with reason no function clause matching 'Elixir.RailwayIpc.Core.RequestsConsumer':post_processing(ok, #{'__struct__' => 'Elixir.Events.AThingWasDone',context => #{},correlation_id => <<>>,user_uuid => <<>>,...}, #Fun<Elixir.Requests.0.79135101>, #Fun<Elixir.Requests.1.79135101>) line 18 in context child_terminated
2019-07-31 19:35:16.000 [warning] <0.252.0> lager_error_logger_h dropped 1 messages in the last second that exceeded the limit of 50 messages/sec
2019-07-31 19:36:37.382 [error] <0.297.0>@Elixir.RailwayIpc.Core.RequestsConsumer:post_processing:18 gen_server 'Elixir.Events' terminated with reason: no function clause matching 'Elixir.RailwayIpc.Core.RequestsConsumer':post_processing(ok, #{'__struct__' => 'Elixir.Events.AThingWasDone',context => #{},correlation_id => <<>>,user_uuid => <<>>,...}, #Fun<Elixir.Events.0.91040133>, #Fun<Elixir.Events.1.91040133>) line 18
2019-07-31 19:36:37.383 [error] <0.297.0>@Elixir.RailwayIpc.Core.RequestsConsumer:post_processing:18 CRASH REPORT Process 'Elixir.Events' with 0 neighbours crashed with reason: no function clause matching 'Elixir.RailwayIpc.Core.RequestsConsumer':post_processing(ok, #{'__struct__' => 'Elixir.Events.AThingWasDone',context => #{},correlation_id => <<>>,user_uuid => <<>>,...}, #Fun<Elixir.Events.0.91040133>, #Fun<Elixir.Events.1.91040133>) line 18
2019-07-31 19:36:37.383 [error] <0.295.0>@Elixir.RailwayIpc.Core.RequestsConsumer:post_processing:18 Supervisor 'Elixir.RailwayIpc.Consumer.Supervisor' had child 'Elixir.Events' started with 'Elixir.Events':start_link([]) at <0.297.0> exit with reason no function clause matching 'Elixir.RailwayIpc.Core.RequestsConsumer':post_processing(ok, #{'__struct__' => 'Elixir.Events.AThingWasDone',context => #{},correlation_id => <<>>,user_uuid => <<>>,...}, #Fun<Elixir.Events.0.91040133>, #Fun<Elixir.Events.1.91040133>) line 18 in context child_terminated
2019-07-31 19:37:05.582 [info] <0.43.0> Application lager started on node nonode@nohost
2019-07-31 19:37:05.587 [info] <0.43.0> Application xmerl started on node nonode@nohost
2019-07-31 19:37:05.589 [info] <0.43.0> Application jsx started on node nonode@nohost
2019-07-31 19:37:05.593 [info] <0.43.0> Application ranch started on node nonode@nohost
2019-07-31 19:37:05.593 [info] <0.43.0> Application recon started on node nonode@nohost
2019-07-31 19:37:05.593 [info] <0.43.0> Application rabbit_common started on node nonode@nohost
2019-07-31 19:37:05.605 [info] <0.43.0> Application amqp_client started on node nonode@nohost
2019-07-31 19:37:05.606 [info] <0.43.0> Application amqp started on node nonode@nohost
2019-07-31 19:37:05.608 [info] <0.43.0> Application protobuf started on node nonode@nohost
2019-07-31 19:37:05.609 [info] <0.43.0> Application jason started on node nonode@nohost
2019-07-31 19:37:05.610 [info] <0.43.0> Application google_protos started on node nonode@nohost
2019-07-31 19:37:05.611 [info] <0.43.0> Application railway_ipc started on node nonode@nohost
2019-07-31 19:37:05.616 [info] <0.43.0> Application sender started on node nonode@nohost
2019-07-31 19:37:47.781 [error] <0.278.0>@Elixir.RailwayIpc.Core.RequestsConsumer:post_processing:18 gen_server 'Elixir.Events' terminated with reason: no function clause matching 'Elixir.RailwayIpc.Core.RequestsConsumer':post_processing(ok, #{'__struct__' => 'Elixir.Events.AThingWasDone',context => #{},correlation_id => <<>>,user_uuid => <<>>,...}, #Fun<Elixir.Events.0.91040133>, #Fun<Elixir.Events.1.91040133>) line 18
2019-07-31 19:37:47.786 [error] <0.278.0>@Elixir.RailwayIpc.Core.RequestsConsumer:post_processing:18 CRASH REPORT Process 'Elixir.Events' with 0 neighbours crashed with reason: no function clause matching 'Elixir.RailwayIpc.Core.RequestsConsumer':post_processing(ok, #{'__struct__' => 'Elixir.Events.AThingWasDone',context => #{},correlation_id => <<>>,user_uuid => <<>>,...}, #Fun<Elixir.Events.0.91040133>, #Fun<Elixir.Events.1.91040133>) line 18
2019-07-31 19:37:47.786 [error] <0.276.0>@Elixir.RailwayIpc.Core.RequestsConsumer:post_processing:18 Supervisor 'Elixir.RailwayIpc.Consumer.Supervisor' had child 'Elixir.Events' started with 'Elixir.Events':start_link([]) at <0.278.0> exit with reason no function clause matching 'Elixir.RailwayIpc.Core.RequestsConsumer':post_processing(ok, #{'__struct__' => 'Elixir.Events.AThingWasDone',context => #{},correlation_id => <<>>,user_uuid => <<>>,...}, #Fun<Elixir.Events.0.91040133>, #Fun<Elixir.Events.1.91040133>) line 18 in context child_terminated
2019-07-31 19:37:48.000 [warning] <0.233.0> lager_error_logger_h dropped 1 messages in the last second that exceeded the limit of 50 messages/sec
2019-07-31 19:38:41.679 [info] <0.43.0> Application lager started on node nonode@nohost
2019-07-31 19:38:41.685 [info] <0.43.0> Application xmerl started on node nonode@nohost
2019-07-31 19:38:41.687 [info] <0.43.0> Application jsx started on node nonode@nohost
2019-07-31 19:38:41.690 [info] <0.43.0> Application ranch started on node nonode@nohost
2019-07-31 19:38:41.691 [info] <0.43.0> Application recon started on node nonode@nohost
2019-07-31 19:38:41.691 [info] <0.43.0> Application rabbit_common started on node nonode@nohost
2019-07-31 19:38:41.697 [info] <0.43.0> Application amqp_client started on node nonode@nohost
2019-07-31 19:38:41.699 [info] <0.43.0> Application amqp started on node nonode@nohost
2019-07-31 19:38:41.700 [info] <0.43.0> Application protobuf started on node nonode@nohost
2019-07-31 19:38:41.701 [info] <0.43.0> Application jason started on node nonode@nohost
2019-07-31 19:38:41.703 [info] <0.43.0> Application google_protos started on node nonode@nohost
2019-07-31 19:38:41.703 [info] <0.43.0> Application railway_ipc started on node nonode@nohost
2019-07-31 19:38:41.707 [info] <0.43.0> Application sender started on node nonode@nohost
